f:\dropbox\avans\leerjaar 3\blok 1\minor\framework\sdlframework\sdlframework\debug\vc120.pdb
f:\dropbox\avans\leerjaar 3\blok 1\minor\framework\sdlframework\sdlframework\debug\vc120.idb
f:\dropbox\avans\leerjaar 3\blok 1\minor\framework\sdlframework\sdlframework\debug\main.obj
f:\dropbox\avans\leerjaar 3\blok 1\minor\framework\sdlframework\sdlframework\debug\window.obj
f:\dropbox\avans\leerjaar 3\blok 1\minor\framework\sdlframework\sdlframework\debug\fwapplication.obj
f:\dropbox\avans\leerjaar 3\blok 1\minor\framework\sdlframework\sdlframework\debug\monster.obj
f:\dropbox\avans\leerjaar 3\blok 1\minor\ai_huiswerk\week 1\framework\sdlframework\sdlframework\debug\vc120.pdb
f:\dropbox\avans\leerjaar 3\blok 1\minor\ai_huiswerk\week 1\framework\sdlframework\sdlframework\debug\vc120.idb
f:\dropbox\avans\leerjaar 3\blok 1\minor\ai_huiswerk\week 1\framework\sdlframework\sdlframework\debug\edge.obj
f:\dropbox\avans\leerjaar 3\blok 1\minor\ai_huiswerk\week 1\framework\sdlframework\sdlframework\debug\fwapplication.obj
f:\dropbox\avans\leerjaar 3\blok 1\minor\ai_huiswerk\week 1\framework\sdlframework\sdlframework\debug\graph.obj
f:\dropbox\avans\leerjaar 3\blok 1\minor\ai_huiswerk\week 1\framework\sdlframework\sdlframework\debug\monster.obj
f:\dropbox\avans\leerjaar 3\blok 1\minor\ai_huiswerk\week 1\framework\sdlframework\sdlframework\debug\node.obj
f:\dropbox\avans\leerjaar 3\blok 1\minor\ai_huiswerk\week 1\framework\sdlframework\sdlframework\debug\main.obj
f:\dropbox\avans\leerjaar 3\blok 1\minor\ai_huiswerk\week 1\framework\sdlframework\sdlframework\debug\cow.obj
f:\dropbox\avans\leerjaar 3\blok 1\minor\ai_huiswerk\week 1\framework\sdlframework\sdlframework\debug\rabbit.obj
f:\dropbox\avans\leerjaar 3\blok 1\minor\ai_huiswerk\week 1\framework\sdlframework\sdlframework\debug\navagent.obj
f:\dropbox\avans\leerjaar 3\blok 1\minor\framework\sdlframework\debug\sdlframework.ilk
f:\dropbox\avans\leerjaar 3\blok 1\minor\framework\sdlframework\debug\sdlframework.exe
f:\dropbox\avans\leerjaar 3\blok 1\minor\framework\sdlframework\debug\sdlframework.pdb
f:\dropbox\avans\leerjaar 3\blok 1\minor\ai_huiswerk\week 1\framework\sdlframework\debug\sdlframework.ilk
f:\dropbox\avans\leerjaar 3\blok 1\minor\ai_huiswerk\week 1\framework\sdlframework\debug\sdlframework.exe
f:\dropbox\avans\leerjaar 3\blok 1\minor\ai_huiswerk\week 1\framework\sdlframework\debug\sdlframework.pdb
f:\dropbox\avans\leerjaar 3\blok 1\minor\ai_huiswerk\week 1\framework\sdlframework\sdlframework\debug\window.obj
f:\dropbox\avans\leerjaar 3\blok 1\minor\ai_huiswerk\week 1\framework\sdlframework\sdlframework\debug\sdlframework.tlog\cl.command.1.tlog
f:\dropbox\avans\leerjaar 3\blok 1\minor\ai_huiswerk\week 1\framework\sdlframework\sdlframework\debug\sdlframework.tlog\cl.read.1.tlog
f:\dropbox\avans\leerjaar 3\blok 1\minor\ai_huiswerk\week 1\framework\sdlframework\sdlframework\debug\sdlframework.tlog\cl.write.1.tlog
f:\dropbox\avans\leerjaar 3\blok 1\minor\ai_huiswerk\week 1\framework\sdlframework\sdlframework\debug\sdlframework.tlog\link.command.1.tlog
f:\dropbox\avans\leerjaar 3\blok 1\minor\ai_huiswerk\week 1\framework\sdlframework\sdlframework\debug\sdlframework.tlog\link.read.1.tlog
f:\dropbox\avans\leerjaar 3\blok 1\minor\ai_huiswerk\week 1\framework\sdlframework\sdlframework\debug\sdlframework.tlog\link.write.1.tlog
